2024-10-07T18:38:46.941Z [info]: [2024-10-07T18:38:46.938Z] GET /
2024-10-07T18:38:51.357Z [info]: [2024-10-07T18:38:51.357Z] GET /api/flights/search
2024-10-07T18:38:59.075Z [info]: [2024-10-07T18:38:59.075Z] GET /api/common/airports
2024-10-07T18:40:12.637Z [info]: [2024-10-07T18:40:12.635Z] GET /api/common/airports
2024-10-07T18:40:42.368Z [info]: [2024-10-07T18:40:42.365Z] GET /api/common/airports
2024-10-07T18:41:03.272Z [info]: [2024-10-07T18:41:03.270Z] GET /api/common/airports
2024-10-07T18:41:45.209Z [info]: [2024-10-07T18:41:45.208Z] GET /api/common/airports
2024-10-07T18:43:07.745Z [info]: [2024-10-07T18:43:07.743Z] GET /api/common/airports
2024-10-07T18:43:09.012Z [info]: [2024-10-07T18:43:09.012Z] GET /api/common/airports
2024-10-07T18:43:10.502Z [info]: [2024-10-07T18:43:10.502Z] GET /api/common/airports
2024-10-07T18:43:23.423Z [info]: [2024-10-07T18:43:23.421Z] GET /api/common/airports
2024-10-07T18:43:57.704Z [info]: [2024-10-07T18:43:57.701Z] GET /api/common/airports
2024-10-07T18:43:59.140Z [info]: [2024-10-07T18:43:59.140Z] GET /api/common/airports
2024-10-07T18:46:34.060Z [info]: [2024-10-07T18:46:34.058Z] GET /api/common/airports
2024-10-07T18:46:35.671Z [info]: [2024-10-07T18:46:35.671Z] GET /api/common/airports
2024-10-07T18:48:02.038Z [info]: [2024-10-07T18:48:02.037Z] GET /api/common/airports
2024-10-07T18:48:20.328Z [info]: [2024-10-07T18:48:20.326Z] GET /api/common/airports
2024-10-07T18:48:21.909Z [info]: [2024-10-07T18:48:21.909Z] GET /api/common/airports
2024-10-07T18:48:23.213Z [info]: [2024-10-07T18:48:23.213Z] GET /api/common/airports
2024-10-07T18:49:17.335Z [info]: [2024-10-07T18:49:17.332Z] GET /api/common/airports
2024-10-07T18:50:05.108Z [info]: [2024-10-07T18:50:05.105Z] GET /api/common/airports
2024-10-07T18:50:08.080Z [info]: [2024-10-07T18:50:08.080Z] GET /api/common/airports
2024-10-07T18:50:09.807Z [info]: [2024-10-07T18:50:09.807Z] GET /api/common/airports
2024-10-07T18:50:11.290Z [info]: [2024-10-07T18:50:11.290Z] GET /api/common/airports
2024-10-07T18:51:14.732Z [info]: [2024-10-07T18:51:14.730Z] GET /api/common/airports
2024-10-07T18:51:16.439Z [info]: [2024-10-07T18:51:16.439Z] GET /api/common/airports
2024-10-07T18:52:35.720Z [info]: [2024-10-07T18:52:35.718Z] GET /api/common/airports
2024-10-07T18:55:16.122Z [info]: [2024-10-07T18:55:16.120Z] GET /api/common/airports
2024-10-07T18:55:39.326Z [info]: [2024-10-07T18:55:39.324Z] GET /api/common/airports
2024-10-07T18:57:00.813Z [info]: [2024-10-07T18:57:00.811Z] GET /api/common/airports
2024-10-07T19:01:01.093Z [info]: [2024-10-07T19:01:01.090Z] GET /api/common/airports
2024-10-07T19:01:02.555Z [info]: [2024-10-07T19:01:02.555Z] GET /api/common/airports
2024-10-07T19:01:04.056Z [info]: [2024-10-07T19:01:04.056Z] GET /api/common/airports
2024-10-07T19:01:17.316Z [info]: [2024-10-07T19:01:17.314Z] GET /api/common/airports
2024-10-08T14:54:34.157Z [info]: [2024-10-08T14:54:34.155Z] GET /api/common/airports
2024-10-09T16:30:35.559Z [info]: [2024-10-09T16:30:35.557Z] GET /api/common/airports
2024-10-09T16:31:38.677Z [info]: [2024-10-09T16:31:38.677Z] GET /api/common/airports
2024-10-09T16:39:37.946Z [info]: [2024-10-09T16:39:37.946Z] GET /api/common/airports
2024-10-09T16:41:07.352Z [info]: [2024-10-09T16:41:07.350Z] GET /api/common/airports?size=25
2024-10-09T16:44:08.437Z [info]: [2024-10-09T16:44:08.435Z] GET /api/common/airports?size=25&search=mag
2024-10-09T16:45:15.569Z [info]: [2024-10-09T16:45:15.566Z] GET /api/common/airports?size=25&search=mag
2024-10-09T16:45:43.902Z [info]: [2024-10-09T16:45:43.900Z] GET /api/common/airports?size=25&search=mag
2024-10-09T16:46:11.289Z [info]: [2024-10-09T16:46:11.287Z] GET /api/common/airports?size=25&search=mag
2024-10-09T16:47:47.043Z [info]: [2024-10-09T16:47:47.040Z] GET /api/common/airports?size=25&search=mag
2024-10-09T16:47:52.525Z [info]: [2024-10-09T16:47:52.525Z] GET /api/common/airports?size=25&search=DAC
2024-10-09T16:47:54.792Z [info]: [2024-10-09T16:47:54.792Z] GET /api/common/airports?size=25&search=
2024-10-09T16:48:08.175Z [info]: [2024-10-09T16:48:08.174Z] GET /api/common/airports?size=25&search=
2024-10-09T16:48:12.818Z [info]: [2024-10-09T16:48:12.818Z] GET /api/common/airports?size=25&search=mag
2024-10-09T16:48:16.339Z [info]: [2024-10-09T16:48:16.339Z] GET /api/common/airports?size=25&search=dac
2024-10-09T16:48:19.872Z [info]: [2024-10-09T16:48:19.871Z] GET /api/common/airports?size=25&search=dxb
2024-10-09T16:48:24.061Z [info]: [2024-10-09T16:48:24.061Z] GET /api/common/airports?size=25&search=cxb
2024-10-10T07:31:42.390Z [info]: [2024-10-10T07:31:42.388Z] GET /api/common/airports?size=25&search=cxb
2024-10-10T07:32:10.276Z [info]: [2024-10-10T07:32:10.276Z] GET /api/flights/search
2024-10-10T07:33:51.994Z [info]: [2024-10-10T07:33:51.992Z] GET /api/flights/search
2024-10-10T07:41:12.175Z [info]: [2024-10-10T07:41:12.173Z] GET /api/flights/search
2024-10-10T07:43:45.687Z [info]: [2024-10-10T07:43:45.686Z] GET /api/flights/search
2024-10-10T07:44:05.347Z [info]: [2024-10-10T07:44:05.345Z] GET /api/flights/search
2024-10-10T07:55:45.343Z [info]: [2024-10-10T07:55:45.341Z] GET /api/flights/search
2024-10-10T07:56:17.842Z [info]: [2024-10-10T07:56:17.840Z] GET /api/flights/search
2024-10-10T07:57:24.236Z [info]: [2024-10-10T07:57:24.234Z] GET /api/flights/search
2024-10-10T07:59:45.143Z [info]: [2024-10-10T07:59:45.141Z] GET /api/flights/search
2024-10-10T07:59:52.034Z [info]: [2024-10-10T07:59:52.034Z] GET /api/flights/search
2024-10-10T07:59:53.384Z [info]: [2024-10-10T07:59:53.384Z] GET /api/flights/search
2024-10-10T07:59:54.463Z [info]: [2024-10-10T07:59:54.463Z] GET /api/flights/search
2024-10-10T08:07:14.343Z [info]: [2024-10-10T08:07:14.341Z] GET /api/flights/search
2024-10-10T08:07:22.158Z [info]: [2024-10-10T08:07:22.158Z] GET /api/flights/search
2024-10-10T08:07:24.424Z [info]: [2024-10-10T08:07:24.424Z] GET /api/flights/search
2024-10-10T08:12:01.596Z [info]: [2024-10-10T08:12:01.592Z] POST /api/flights/search
2024-10-10T08:12:17.227Z [info]: [2024-10-10T08:12:17.227Z] POST /api/flights/search
2024-10-10T08:12:19.581Z [info]: [2024-10-10T08:12:19.580Z] POST /api/flights/search
2024-10-10T08:17:49.947Z [info]: [2024-10-10T08:17:49.945Z] POST /api/flights/search
2024-10-10T08:18:51.391Z [info]: [2024-10-10T08:18:51.391Z] POST /api/flights/search
2024-10-10T08:20:12.058Z [info]: [2024-10-10T08:20:12.056Z] POST /api/flights/search
2024-10-10T08:20:31.466Z [info]: [2024-10-10T08:20:31.464Z] POST /api/flights/search
2024-10-10T08:30:36.269Z [info]: [2024-10-10T08:30:36.267Z] POST /api/flights/search
2024-10-10T08:32:51.657Z [info]: [2024-10-10T08:32:51.655Z] POST /api/flights/search
2024-10-10T08:49:41.550Z [info]: [2024-10-10T08:49:41.548Z] POST /api/flights/search
2024-10-10T08:53:33.745Z [info]: [2024-10-10T08:53:33.744Z] POST /api/flights/search
2024-10-10T08:56:43.530Z [info]: [2024-10-10T08:56:43.529Z] POST /api/flights/search
2024-10-10T08:57:51.833Z [info]: [2024-10-10T08:57:51.832Z] POST /api/flights/search
2024-10-10T08:58:19.075Z [info]: [2024-10-10T08:58:19.074Z] POST /api/flights/search
2024-10-10T09:02:37.471Z [info]: [2024-10-10T09:02:37.469Z] POST /api/flights/search
2024-10-10T09:04:18.940Z [info]: [2024-10-10T09:04:18.938Z] POST /api/flights/search
2024-10-10T09:05:45.797Z [info]: [2024-10-10T09:05:45.795Z] POST /api/flights/search
2024-10-10T09:07:02.448Z [info]: [2024-10-10T09:07:02.447Z] POST /api/flights/search
