[2024-10-18T14:48:34.305Z] Seat-sold out for the selected class of itinerary
Error: Seat-sold out for the selected class of itinerary
    at PreBookingService.throwError (D:\PROJECTS\flight_kiya_server\dist\core\abstract\abstract.services.js:19:15)
    at PreBookingService.revalidated (D:\PROJECTS\flight_kiya_server\dist\api\B2C\preBooking\services\revalidation.service.js:33:18)
    at process.processTicksAndRejections (node:internal/process/task_queues:105:5)
    at async D:\PROJECTS\flight_kiya_server\dist\api\B2C\preBooking\controllers\preBooking.controllers.js:16:26
    at async D:\PROJECTS\flight_kiya_server\dist\middlewares\asyncWrapper.js:26:13

[2024-10-19T08:04:01.189Z] An unexpected error occurred
Error
    at PreBookingService.throwError (D:\PROJECTS\flight_kiya_server\dist\core\abstract\abstract.services.js:19:15)
    at PreBookingService.flightSearch (D:\PROJECTS\flight_kiya_server\dist\api\B2C\preBooking\services\flightSearch.service.js:46:18)
    at process.processTicksAndRejections (node:internal/process/task_queues:105:5)
    at async D:\PROJECTS\flight_kiya_server\dist\api\B2C\preBooking\controllers\preBooking.controllers.js:11:26
    at async D:\PROJECTS\flight_kiya_server\dist\middlewares\asyncWrapper.js:26:13

[2024-10-19T08:05:53.229Z] An unexpected error occurred
Error
    at PreBookingService.throwError (D:\PROJECTS\flight_kiya_server\dist\core\abstract\abstract.services.js:19:15)
    at PreBookingService.flightSearch (D:\PROJECTS\flight_kiya_server\dist\api\B2C\preBooking\services\flightSearch.service.js:46:18)
    at process.processTicksAndRejections (node:internal/process/task_queues:105:5)
    at async D:\PROJECTS\flight_kiya_server\dist\api\B2C\preBooking\controllers\preBooking.controllers.js:11:26
    at async D:\PROJECTS\flight_kiya_server\dist\middlewares\asyncWrapper.js:26:13

[2024-10-19T08:09:45.491Z] hh
Error: hh
    at PreBookingService.throwError (D:\PROJECTS\flight_kiya_server\dist\core\abstract\abstract.services.js:19:15)
    at PreBookingService.flightSearch (D:\PROJECTS\flight_kiya_server\dist\api\B2C\preBooking\services\flightSearch.service.js:17:14)
    at D:\PROJECTS\flight_kiya_server\dist\api\B2C\preBooking\controllers\preBooking.controllers.js:11:46
    at D:\PROJECTS\flight_kiya_server\dist\middlewares\asyncWrapper.js:26:19
    at Layer.handle [as handle_request] (D:\PROJECTS\flight_kiya_server\node_modules\express\lib\router\layer.js:95:5)
    at next (D:\PROJECTS\flight_kiya_server\node_modules\express\lib\router\route.js:149:13)
    at Route.dispatch (D:\PROJECTS\flight_kiya_server\node_modules\express\lib\router\route.js:119:3)
    at Layer.handle [as handle_request] (D:\PROJECTS\flight_kiya_server\node_modules\express\lib\router\layer.js:95:5)
    at D:\PROJECTS\flight_kiya_server\node_modules\express\lib\router\index.js:284:15
    at Function.process_params (D:\PROJECTS\flight_kiya_server\node_modules\express\lib\router\index.js:346:12)

[2024-10-19T08:11:03.311Z] An unexpected error occurred
Error
    at PreBookingService.throwError (D:\PROJECTS\flight_kiya_server\dist\core\abstract\abstract.services.js:19:15)
    at PreBookingService.flightSearch (D:\PROJECTS\flight_kiya_server\dist\api\B2C\preBooking\services\flightSearch.service.js:50:18)
    at process.processTicksAndRejections (node:internal/process/task_queues:105:5)
    at async D:\PROJECTS\flight_kiya_server\dist\api\B2C\preBooking\controllers\preBooking.controllers.js:11:26
    at async D:\PROJECTS\flight_kiya_server\dist\middlewares\asyncWrapper.js:26:13

[2024-10-19T08:18:04.987Z] Cannot read properties of undefined (reading '0')
TypeError: Cannot read properties of undefined (reading '0')
    at PreBookingService.flightSearch (D:\PROJECTS\flight_kiya_server\dist\api\B2C\preBooking\services\flightSearch.service.js:50:84)
    at process.processTicksAndRejections (node:internal/process/task_queues:105:5)
    at async D:\PROJECTS\flight_kiya_server\dist\api\B2C\preBooking\controllers\preBooking.controllers.js:11:26
    at async D:\PROJECTS\flight_kiya_server\dist\middlewares\asyncWrapper.js:26:13

[2024-10-19T08:20:29.786Z] Flights not found for the given search condition 
Error: Flights not found for the given search condition 
    at PreBookingService.throwError (D:\PROJECTS\flight_kiya_server\dist\core\abstract\abstract.services.js:19:15)
    at PreBookingService.flightSearch (D:\PROJECTS\flight_kiya_server\dist\api\B2C\preBooking\services\flightSearch.service.js:46:18)
    at process.processTicksAndRejections (node:internal/process/task_queues:105:5)
    at async D:\PROJECTS\flight_kiya_server\dist\api\B2C\preBooking\controllers\preBooking.controllers.js:11:26
    at async D:\PROJECTS\flight_kiya_server\dist\middlewares\asyncWrapper.js:26:13

